Command line invocation:
    /Applications/Xcode.app/Contents/Developer/usr/bin/xcodebuild -project ios-stations.xcodeproj -scheme ios-stations -sdk iphonesimulator -destination "platform=iOS Simulator,id=9EFF24D4-E8B0-44B2-9780-967B52BC6A35" "-only-testing:ios-stationsTests/ios_stationsTests/testStation1" test

User defaults from command line:
    IDEPackageSupportUseBuiltinSCM = YES

Build settings from command line:
    SDKROOT = iphonesimulator18.0

--- xcodebuild: WARNING: Using the first of multiple matching destinations:
{ platform:iOS Simulator, id:9EFF24D4-E8B0-44B2-9780-967B52BC6A35, OS:18.0, name:iPhone 16 }
{ platform:iOS Simulator, id:9EFF24D4-E8B0-44B2-9780-967B52BC6A35, OS:18.0, name:iPhone 16 }
Prepare packages

ComputeTargetDependencyGraph
note: Building targets in dependency order
note: Target dependency graph (3 targets)
    Target 'ios-stationsUITests' in project 'ios-stations'
        ➜ Explicit dependency on target 'ios-stations' in project 'ios-stations'
    Target 'ios-stationsTests' in project 'ios-stations'
        ➜ Explicit dependency on target 'ios-stations' in project 'ios-stations'
    Target 'ios-stations' in project 'ios-stations' (no dependencies)

GatherProvisioningInputs

CreateBuildDescription

ExecuteExternalTool /Applications/Xcode.app/Contents/Developer/usr/bin/actool --print-asset-tag-combinations --output-format xml1 /Users/hayashiakitora/Develop/SwiftUIProjects/ios_stations/ios-stations/Assets.xcassets

ExecuteExternalTool /Applications/Xcode.app/Contents/Developer/usr/bin/ibtool --version --output-format xml1

ExecuteExternalTool /Applications/Xcode.app/Contents/Developer/Toolchains/XcodeDefault.xctoolchain/usr/bin/swiftc --version

ExecuteExternalTool /Applications/Xcode.app/Contents/Developer/Toolchains/XcodeDefault.xctoolchain/usr/bin/clang -v -E -dM -isysroot /Applications/Xcode.app/Contents/Developer/Platforms/iPhoneSimulator.platform/Developer/SDKs/iPhoneSimulator18.0.sdk -x c -c /dev/null

ExecuteExternalTool /Applications/Xcode.app/Contents/Developer/usr/bin/actool --version --output-format xml1

ExecuteExternalTool /Applications/Xcode.app/Contents/Developer/Toolchains/XcodeDefault.xctoolchain/usr/bin/ld -version_details

Build description signature: 9ae1ff55dadf94434ed97cd225e0b709
Build description path: /Users/hayashiakitora/Library/Developer/Xcode/DerivedData/ios-stations-dnoaqvuweeptizeawushiiccyufp/Build/Intermediates.noindex/XCBuildData/9ae1ff55dadf94434ed97cd225e0b709.xcbuilddata
ClangStatCache /Applications/Xcode.app/Contents/Developer/Toolchains/XcodeDefault.xctoolchain/usr/bin/clang-stat-cache /Applications/Xcode.app/Contents/Developer/Platforms/iPhoneSimulator.platform/Developer/SDKs/iPhoneSimulator18.0.sdk /Users/hayashiakitora/Library/Developer/Xcode/DerivedData/SDKStatCaches.noindex/iphonesimulator18.0-22A3362-db63dc9361471f152f572502bdbfe70a.sdkstatcache
    cd /Users/hayashiakitora/Develop/SwiftUIProjects/ios_stations/ios-stations.xcodeproj
    /Applications/Xcode.app/Contents/Developer/Toolchains/XcodeDefault.xctoolchain/usr/bin/clang-stat-cache /Applications/Xcode.app/Contents/Developer/Platforms/iPhoneSimulator.platform/Developer/SDKs/iPhoneSimulator18.0.sdk -o /Users/hayashiakitora/Library/Developer/Xcode/DerivedData/SDKStatCaches.noindex/iphonesimulator18.0-22A3362-db63dc9361471f152f572502bdbfe70a.sdkstatcache

WriteAuxiliaryFile /Users/hayashiakitora/Library/Developer/Xcode/DerivedData/ios-stations-dnoaqvuweeptizeawushiiccyufp/Build/Intermediates.noindex/ios-stations.build/Debug-iphonesimulator/ios-stationsUITests.build/ios-stationsUITests.hmap (in target 'ios-stationsUITests' from project 'ios-stations')
    cd /Users/hayashiakitora/Develop/SwiftUIProjects/ios_stations
    write-file /Users/hayashiakitora/Library/Developer/Xcode/DerivedData/ios-stations-dnoaqvuweeptizeawushiiccyufp/Build/Intermediates.noindex/ios-stations.build/Debug-iphonesimulator/ios-stationsUITests.build/ios-stationsUITests.hmap

WriteAuxiliaryFile /Users/hayashiakitora/Library/Developer/Xcode/DerivedData/ios-stations-dnoaqvuweeptizeawushiiccyufp/Build/Intermediates.noindex/ios-stations.build/Debug-iphonesimulator/ios-stationsUITests.build/ios-stationsUITests-own-target-headers.hmap (in target 'ios-stationsUITests' from project 'ios-stations')
    cd /Users/hayashiakitora/Develop/SwiftUIProjects/ios_stations
    write-file /Users/hayashiakitora/Library/Developer/Xcode/DerivedData/ios-stations-dnoaqvuweeptizeawushiiccyufp/Build/Intermediates.noindex/ios-stations.build/Debug-iphonesimulator/ios-stationsUITests.build/ios-stationsUITests-own-target-headers.hmap

WriteAuxiliaryFile /Users/hayashiakitora/Library/Developer/Xcode/DerivedData/ios-stations-dnoaqvuweeptizeawushiiccyufp/Build/Intermediates.noindex/ios-stations.build/Debug-iphonesimulator/ios-stationsUITests.build/ios-stationsUITests.DependencyMetadataFileList (in target 'ios-stationsUITests' from project 'ios-stations')
    cd /Users/hayashiakitora/Develop/SwiftUIProjects/ios_stations
    write-file /Users/hayashiakitora/Library/Developer/Xcode/DerivedData/ios-stations-dnoaqvuweeptizeawushiiccyufp/Build/Intermediates.noindex/ios-stations.build/Debug-iphonesimulator/ios-stationsUITests.build/ios-stationsUITests.DependencyMetadataFileList

WriteAuxiliaryFile /Users/hayashiakitora/Library/Developer/Xcode/DerivedData/ios-stations-dnoaqvuweeptizeawushiiccyufp/Build/Intermediates.noindex/ios-stations.build/Debug-iphonesimulator/ios-stationsUITests.build/ios-stationsUITests-project-headers.hmap (in target 'ios-stationsUITests' from project 'ios-stations')
    cd /Users/hayashiakitora/Develop/SwiftUIProjects/ios_stations
    write-file /Users/hayashiakitora/Library/Developer/Xcode/DerivedData/ios-stations-dnoaqvuweeptizeawushiiccyufp/Build/Intermediates.noindex/ios-stations.build/Debug-iphonesimulator/ios-stationsUITests.build/ios-stationsUITests-project-headers.hmap

WriteAuxiliaryFile /Users/hayashiakitora/Library/Developer/Xcode/DerivedData/ios-stations-dnoaqvuweeptizeawushiiccyufp/Build/Intermediates.noindex/ios-stations.build/Debug-iphonesimulator/ios-stationsUITests.build/ios-stationsUITests-generated-files.hmap (in target 'ios-stationsUITests' from project 'ios-stations')
    cd /Users/hayashiakitora/Develop/SwiftUIProjects/ios_stations
    write-file /Users/hayashiakitora/Library/Developer/Xcode/DerivedData/ios-stations-dnoaqvuweeptizeawushiiccyufp/Build/Intermediates.noindex/ios-stations.build/Debug-iphonesimulator/ios-stationsUITests.build/ios-stationsUITests-generated-files.hmap

WriteAuxiliaryFile /Users/hayashiakitora/Library/Developer/Xcode/DerivedData/ios-stations-dnoaqvuweeptizeawushiiccyufp/Build/Intermediates.noindex/ios-stations.build/Debug-iphonesimulator/ios-stationsUITests.build/ios-stationsUITests-all-non-framework-target-headers.hmap (in target 'ios-stationsUITests' from project 'ios-stations')
    cd /Users/hayashiakitora/Develop/SwiftUIProjects/ios_stations
    write-file /Users/hayashiakitora/Library/Developer/Xcode/DerivedData/ios-stations-dnoaqvuweeptizeawushiiccyufp/Build/Intermediates.noindex/ios-stations.build/Debug-iphonesimulator/ios-stationsUITests.build/ios-stationsUITests-all-non-framework-target-headers.hmap

WriteAuxiliaryFile /Users/hayashiakitora/Library/Developer/Xcode/DerivedData/ios-stations-dnoaqvuweeptizeawushiiccyufp/Build/Intermediates.noindex/ios-stations.build/Debug-iphonesimulator/ios-stationsUITests.build/ios-stationsUITests-all-target-headers.hmap (in target 'ios-stationsUITests' from project 'ios-stations')
    cd /Users/hayashiakitora/Develop/SwiftUIProjects/ios_stations
    write-file /Users/hayashiakitora/Library/Developer/Xcode/DerivedData/ios-stations-dnoaqvuweeptizeawushiiccyufp/Build/Intermediates.noindex/ios-stations.build/Debug-iphonesimulator/ios-stationsUITests.build/ios-stationsUITests-all-target-headers.hmap

WriteAuxiliaryFile /Users/hayashiakitora/Library/Developer/Xcode/DerivedData/ios-stations-dnoaqvuweeptizeawushiiccyufp/Build/Intermediates.noindex/ios-stations.build/Debug-iphonesimulator/ios-stationsUITests.build/ProductTypeInfoPlistAdditions.plist (in target 'ios-stationsUITests' from project 'ios-stations')
    cd /Users/hayashiakitora/Develop/SwiftUIProjects/ios_stations
    write-file /Users/hayashiakitora/Library/Developer/Xcode/DerivedData/ios-stations-dnoaqvuweeptizeawushiiccyufp/Build/Intermediates.noindex/ios-stations.build/Debug-iphonesimulator/ios-stationsUITests.build/ProductTypeInfoPlistAdditions.plist

WriteAuxiliaryFile /Users/hayashiakitora/Library/Developer/Xcode/DerivedData/ios-stations-dnoaqvuweeptizeawushiiccyufp/Build/Intermediates.noindex/ios-stations.build/Debug-iphonesimulator/ios-stationsUITests.build/Objects-normal/arm64/ios-stationsUITests.SwiftFileList (in target 'ios-stationsUITests' from project 'ios-stations')
    cd /Users/hayashiakitora/Develop/SwiftUIProjects/ios_stations
    write-file /Users/hayashiakitora/Library/Developer/Xcode/DerivedData/ios-stations-dnoaqvuweeptizeawushiiccyufp/Build/Intermediates.noindex/ios-stations.build/Debug-iphonesimulator/ios-stationsUITests.build/Objects-normal/arm64/ios-stationsUITests.SwiftFileList

WriteAuxiliaryFile /Users/hayashiakitora/Library/Developer/Xcode/DerivedData/ios-stations-dnoaqvuweeptizeawushiiccyufp/Build/Intermediates.noindex/ios-stations.build/Debug-iphonesimulator/ios-stationsUITests.build/Objects-normal/arm64/ios-stationsUITests_const_extract_protocols.json (in target 'ios-stationsUITests' from project 'ios-stations')
    cd /Users/hayashiakitora/Develop/SwiftUIProjects/ios_stations
    write-file /Users/hayashiakitora/Library/Developer/Xcode/DerivedData/ios-stations-dnoaqvuweeptizeawushiiccyufp/Build/Intermediates.noindex/ios-stations.build/Debug-iphonesimulator/ios-stationsUITests.build/Objects-normal/arm64/ios-stationsUITests_const_extract_protocols.json

WriteAuxiliaryFile /Users/hayashiakitora/Library/Developer/Xcode/DerivedData/ios-stations-dnoaqvuweeptizeawushiiccyufp/Build/Intermediates.noindex/ios-stations.build/Debug-iphonesimulator/ios-stationsUITests.build/Objects-normal/arm64/ios-stationsUITests.SwiftConstValuesFileList (in target 'ios-stationsUITests' from project 'ios-stations')
    cd /Users/hayashiakitora/Develop/SwiftUIProjects/ios_stations
    write-file /Users/hayashiakitora/Library/Developer/Xcode/DerivedData/ios-stations-dnoaqvuweeptizeawushiiccyufp/Build/Intermediates.noindex/ios-stations.build/Debug-iphonesimulator/ios-stationsUITests.build/Objects-normal/arm64/ios-stationsUITests.SwiftConstValuesFileList

WriteAuxiliaryFile /Users/hayashiakitora/Library/Developer/Xcode/DerivedData/ios-stations-dnoaqvuweeptizeawushiiccyufp/Build/Intermediates.noindex/ios-stations.build/Debug-iphonesimulator/ios-stationsUITests.build/Objects-normal/arm64/ios-stationsUITests-OutputFileMap.json (in target 'ios-stationsUITests' from project 'ios-stations')
    cd /Users/hayashiakitora/Develop/SwiftUIProjects/ios_stations
    write-file /Users/hayashiakitora/Library/Developer/Xcode/DerivedData/ios-stations-dnoaqvuweeptizeawushiiccyufp/Build/Intermediates.noindex/ios-stations.build/Debug-iphonesimulator/ios-stationsUITests.build/Objects-normal/arm64/ios-stationsUITests-OutputFileMap.json

WriteAuxiliaryFile /Users/hayashiakitora/Library/Developer/Xcode/DerivedData/ios-stations-dnoaqvuweeptizeawushiiccyufp/Build/Intermediates.noindex/ios-stations.build/Debug-iphonesimulator/ios-stationsUITests.build/Objects-normal/arm64/ios-stationsUITests.LinkFileList (in target 'ios-stationsUITests' from project 'ios-stations')
    cd /Users/hayashiakitora/Develop/SwiftUIProjects/ios_stations
    write-file /Users/hayashiakitora/Library/Developer/Xcode/DerivedData/ios-stations-dnoaqvuweeptizeawushiiccyufp/Build/Intermediates.noindex/ios-stations.build/Debug-iphonesimulator/ios-stationsUITests.build/Objects-normal/arm64/ios-stationsUITests.LinkFileList

WriteAuxiliaryFile /Users/hayashiakitora/Library/Developer/Xcode/DerivedData/ios-stations-dnoaqvuweeptizeawushiiccyufp/Build/Intermediates.noindex/ios-stations.build/Debug-iphonesimulator/ios-stationsUITests.build/DerivedSources/Entitlements-Simulated.plist (in target 'ios-stationsUITests' from project 'ios-stations')
    cd /Users/hayashiakitora/Develop/SwiftUIProjects/ios_stations
    write-file /Users/hayashiakitora/Library/Developer/Xcode/DerivedData/ios-stations-dnoaqvuweeptizeawushiiccyufp/Build/Intermediates.noindex/ios-stations.build/Debug-iphonesimulator/ios-stationsUITests.build/DerivedSources/Entitlements-Simulated.plist

WriteAuxiliaryFile /Users/hayashiakitora/Library/Developer/Xcode/DerivedData/ios-stations-dnoaqvuweeptizeawushiiccyufp/Build/Intermediates.noindex/ios-stations.build/Debug-iphonesimulator/ios-stationsTests.build/ios-stationsTests.hmap (in target 'ios-stationsTests' from project 'ios-stations')
    cd /Users/hayashiakitora/Develop/SwiftUIProjects/ios_stations
    write-file /Users/hayashiakitora/Library/Developer/Xcode/DerivedData/ios-stations-dnoaqvuweeptizeawushiiccyufp/Build/Intermediates.noindex/ios-stations.build/Debug-iphonesimulator/ios-stationsTests.build/ios-stationsTests.hmap

WriteAuxiliaryFile /Users/hayashiakitora/Library/Developer/Xcode/DerivedData/ios-stations-dnoaqvuweeptizeawushiiccyufp/Build/Intermediates.noindex/ios-stations.build/Debug-iphonesimulator/ios-stationsTests.build/ios-stationsTests.DependencyMetadataFileList (in target 'ios-stationsTests' from project 'ios-stations')
    cd /Users/hayashiakitora/Develop/SwiftUIProjects/ios_stations
    write-file /Users/hayashiakitora/Library/Developer/Xcode/DerivedData/ios-stations-dnoaqvuweeptizeawushiiccyufp/Build/Intermediates.noindex/ios-stations.build/Debug-iphonesimulator/ios-stationsTests.build/ios-stationsTests.DependencyMetadataFileList

WriteAuxiliaryFile /Users/hayashiakitora/Library/Developer/Xcode/DerivedData/ios-stations-dnoaqvuweeptizeawushiiccyufp/Build/Intermediates.noindex/ios-stations.build/Debug-iphonesimulator/ios-stationsTests.build/ios-stationsTests-project-headers.hmap (in target 'ios-stationsTests' from project 'ios-stations')
    cd /Users/hayashiakitora/Develop/SwiftUIProjects/ios_stations
    write-file /Users/hayashiakitora/Library/Developer/Xcode/DerivedData/ios-stations-dnoaqvuweeptizeawushiiccyufp/Build/Intermediates.noindex/ios-stations.build/Debug-iphonesimulator/ios-stationsTests.build/ios-stationsTests-project-headers.hmap

WriteAuxiliaryFile /Users/hayashiakitora/Library/Developer/Xcode/DerivedData/ios-stations-dnoaqvuweeptizeawushiiccyufp/Build/Intermediates.noindex/ios-stations.build/Debug-iphonesimulator/ios-stationsTests.build/ios-stationsTests-own-target-headers.hmap (in target 'ios-stationsTests' from project 'ios-stations')
    cd /Users/hayashiakitora/Develop/SwiftUIProjects/ios_stations
    write-file /Users/hayashiakitora/Library/Developer/Xcode/DerivedData/ios-stations-dnoaqvuweeptizeawushiiccyufp/Build/Intermediates.noindex/ios-stations.build/Debug-iphonesimulator/ios-stationsTests.build/ios-stationsTests-own-target-headers.hmap

WriteAuxiliaryFile /Users/hayashiakitora/Library/Developer/Xcode/DerivedData/ios-stations-dnoaqvuweeptizeawushiiccyufp/Build/Intermediates.noindex/ios-stations.build/Debug-iphonesimulator/ios-stationsTests.build/ios-stationsTests-generated-files.hmap (in target 'ios-stationsTests' from project 'ios-stations')
    cd /Users/hayashiakitora/Develop/SwiftUIProjects/ios_stations
    write-file /Users/hayashiakitora/Library/Developer/Xcode/DerivedData/ios-stations-dnoaqvuweeptizeawushiiccyufp/Build/Intermediates.noindex/ios-stations.build/Debug-iphonesimulator/ios-stationsTests.build/ios-stationsTests-generated-files.hmap

WriteAuxiliaryFile /Users/hayashiakitora/Library/Developer/Xcode/DerivedData/ios-stations-dnoaqvuweeptizeawushiiccyufp/Build/Intermediates.noindex/ios-stations.build/Debug-iphonesimulator/ios-stationsTests.build/ios-stationsTests-all-target-headers.hmap (in target 'ios-stationsTests' from project 'ios-stations')
    cd /Users/hayashiakitora/Develop/SwiftUIProjects/ios_stations
    write-file /Users/hayashiakitora/Library/Developer/Xcode/DerivedData/ios-stations-dnoaqvuweeptizeawushiiccyufp/Build/Intermediates.noindex/ios-stations.build/Debug-iphonesimulator/ios-stationsTests.build/ios-stationsTests-all-target-headers.hmap

WriteAuxiliaryFile /Users/hayashiakitora/Library/Developer/Xcode/DerivedData/ios-stations-dnoaqvuweeptizeawushiiccyufp/Build/Intermediates.noindex/ios-stations.build/Debug-iphonesimulator/ios-stationsTests.build/ios-stationsTests-all-non-framework-target-headers.hmap (in target 'ios-stationsTests' from project 'ios-stations')
    cd /Users/hayashiakitora/Develop/SwiftUIProjects/ios_stations
    write-file /Users/hayashiakitora/Library/Developer/Xcode/DerivedData/ios-stations-dnoaqvuweeptizeawushiiccyufp/Build/Intermediates.noindex/ios-stations.build/Debug-iphonesimulator/ios-stationsTests.build/ios-stationsTests-all-non-framework-target-headers.hmap

WriteAuxiliaryFile /Users/hayashiakitora/Library/Developer/Xcode/DerivedData/ios-stations-dnoaqvuweeptizeawushiiccyufp/Build/Intermediates.noindex/ios-stations.build/Debug-iphonesimulator/ios-stationsTests.build/Objects-normal/arm64/ios-stationsTests_const_extract_protocols.json (in target 'ios-stationsTests' from project 'ios-stations')
    cd /Users/hayashiakitora/Develop/SwiftUIProjects/ios_stations
    write-file /Users/hayashiakitora/Library/Developer/Xcode/DerivedData/ios-stations-dnoaqvuweeptizeawushiiccyufp/Build/Intermediates.noindex/ios-stations.build/Debug-iphonesimulator/ios-stationsTests.build/Objects-normal/arm64/ios-stationsTests_const_extract_protocols.json

WriteAuxiliaryFile /Users/hayashiakitora/Library/Developer/Xcode/DerivedData/ios-stations-dnoaqvuweeptizeawushiiccyufp/Build/Intermediates.noindex/ios-stations.build/Debug-iphonesimulator/ios-stationsTests.build/Objects-normal/arm64/ios-stationsTests.SwiftFileList (in target 'ios-stationsTests' from project 'ios-stations')
    cd /Users/hayashiakitora/Develop/SwiftUIProjects/ios_stations
    write-file /Users/hayashiakitora/Library/Developer/Xcode/DerivedData/ios-stations-dnoaqvuweeptizeawushiiccyufp/Build/Intermediates.noindex/ios-stations.build/Debug-iphonesimulator/ios-stationsTests.build/Objects-normal/arm64/ios-stationsTests.SwiftFileList

WriteAuxiliaryFile /Users/hayashiakitora/Library/Developer/Xcode/DerivedData/ios-stations-dnoaqvuweeptizeawushiiccyufp/Build/Intermediates.noindex/ios-stations.build/Debug-iphonesimulator/ios-stationsTests.build/Objects-normal/arm64/ios-stationsTests.SwiftConstValuesFileList (in target 'ios-stationsTests' from project 'ios-stations')
    cd /Users/hayashiakitora/Develop/SwiftUIProjects/ios_stations
    write-file /Users/hayashiakitora/Library/Developer/Xcode/DerivedData/ios-stations-dnoaqvuweeptizeawushiiccyufp/Build/Intermediates.noindex/ios-stations.build/Debug-iphonesimulator/ios-stationsTests.build/Objects-normal/arm64/ios-stationsTests.SwiftConstValuesFileList

WriteAuxiliaryFile /Users/hayashiakitora/Library/Developer/Xcode/DerivedData/ios-stations-dnoaqvuweeptizeawushiiccyufp/Build/Intermediates.noindex/ios-stations.build/Debug-iphonesimulator/ios-stationsTests.build/Objects-normal/arm64/ios-stationsTests.LinkFileList (in target 'ios-stationsTests' from project 'ios-stations')
    cd /Users/hayashiakitora/Develop/SwiftUIProjects/ios_stations
    write-file /Users/hayashiakitora/Library/Developer/Xcode/DerivedData/ios-stations-dnoaqvuweeptizeawushiiccyufp/Build/Intermediates.noindex/ios-stations.build/Debug-iphonesimulator/ios-stationsTests.build/Objects-normal/arm64/ios-stationsTests.LinkFileList

WriteAuxiliaryFile /Users/hayashiakitora/Library/Developer/Xcode/DerivedData/ios-stations-dnoaqvuweeptizeawushiiccyufp/Build/Intermediates.noindex/ios-stations.build/Debug-iphonesimulator/ios-stationsTests.build/Objects-normal/arm64/ios-stationsTests-OutputFileMap.json (in target 'ios-stationsTests' from project 'ios-stations')
    cd /Users/hayashiakitora/Develop/SwiftUIProjects/ios_stations
    write-file /Users/hayashiakitora/Library/Developer/Xcode/DerivedData/ios-stations-dnoaqvuweeptizeawushiiccyufp/Build/Intermediates.noindex/ios-stations.build/Debug-iphonesimulator/ios-stationsTests.build/Objects-normal/arm64/ios-stationsTests-OutputFileMap.json

MkDir /Users/hayashiakitora/Library/Developer/Xcode/DerivedData/ios-stations-dnoaqvuweeptizeawushiiccyufp/Build/Products/Debug-iphonesimulator/ios-stationsUITests-Runner.app/PlugIns/ios-stationsUITests.xctest (in target 'ios-stationsUITests' from project 'ios-stations')
    cd /Users/hayashiakitora/Develop/SwiftUIProjects/ios_stations
    /bin/mkdir -p /Users/hayashiakitora/Library/Developer/Xcode/DerivedData/ios-stations-dnoaqvuweeptizeawushiiccyufp/Build/Products/Debug-iphonesimulator/ios-stationsUITests-Runner.app/PlugIns/ios-stationsUITests.xctest

MkDir /Users/hayashiakitora/Library/Developer/Xcode/DerivedData/ios-stations-dnoaqvuweeptizeawushiiccyufp/Build/Products/Debug-iphonesimulator/ios-stations.app/PlugIns/ios-stationsTests.xctest (in target 'ios-stationsTests' from project 'ios-stations')
    cd /Users/hayashiakitora/Develop/SwiftUIProjects/ios_stations
    /bin/mkdir -p /Users/hayashiakitora/Library/Developer/Xcode/DerivedData/ios-stations-dnoaqvuweeptizeawushiiccyufp/Build/Products/Debug-iphonesimulator/ios-stations.app/PlugIns/ios-stationsTests.xctest

MkDir /Users/hayashiakitora/Library/Developer/Xcode/DerivedData/ios-stations-dnoaqvuweeptizeawushiiccyufp/Build/Products/Debug-iphonesimulator/ios-stations.app/PlugIns (in target 'ios-stations' from project 'ios-stations')
    cd /Users/hayashiakitora/Develop/SwiftUIProjects/ios_stations
    /bin/mkdir -p /Users/hayashiakitora/Library/Developer/Xcode/DerivedData/ios-stations-dnoaqvuweeptizeawushiiccyufp/Build/Products/Debug-iphonesimulator/ios-stations.app/PlugIns

MkDir /Users/hayashiakitora/Library/Developer/Xcode/DerivedData/ios-stations-dnoaqvuweeptizeawushiiccyufp/Build/Products/Debug-iphonesimulator/ios-stations.app/Frameworks (in target 'ios-stations' from project 'ios-stations')
    cd /Users/hayashiakitora/Develop/SwiftUIProjects/ios_stations
    /bin/mkdir -p /Users/hayashiakitora/Library/Developer/Xcode/DerivedData/ios-stations-dnoaqvuweeptizeawushiiccyufp/Build/Products/Debug-iphonesimulator/ios-stations.app/Frameworks

ProcessProductPackaging "" /Users/hayashiakitora/Library/Developer/Xcode/DerivedData/ios-stations-dnoaqvuweeptizeawushiiccyufp/Build/Intermediates.noindex/ios-stations.build/Debug-iphonesimulator/ios-stations.build/ios-stations.app-Simulated.xcent (in target 'ios-stations' from project 'ios-stations')
    cd /Users/hayashiakitora/Develop/SwiftUIProjects/ios_stations
    
    Entitlements:
    
    {
    "application-identifier" = "2A7R4ZP8WU.jp.co.techbowl.ios-stations";
}
    
    builtin-productPackagingUtility -entitlements -format xml -o /Users/hayashiakitora/Library/Developer/Xcode/DerivedData/ios-stations-dnoaqvuweeptizeawushiiccyufp/Build/Intermediates.noindex/ios-stations.build/Debug-iphonesimulator/ios-stations.build/ios-stations.app-Simulated.xcent

ProcessProductPackagingDER /Users/hayashiakitora/Library/Developer/Xcode/DerivedData/ios-stations-dnoaqvuweeptizeawushiiccyufp/Build/Intermediates.noindex/ios-stations.build/Debug-iphonesimulator/ios-stations.build/ios-stations.app-Simulated.xcent /Users/hayashiakitora/Library/Developer/Xcode/DerivedData/ios-stations-dnoaqvuweeptizeawushiiccyufp/Build/Intermediates.noindex/ios-stations.build/Debug-iphonesimulator/ios-stations.build/ios-stations.app-Simulated.xcent.der (in target 'ios-stations' from project 'ios-stations')
    cd /Users/hayashiakitora/Develop/SwiftUIProjects/ios_stations
    /usr/bin/derq query -f xml -i /Users/hayashiakitora/Library/Developer/Xcode/DerivedData/ios-stations-dnoaqvuweeptizeawushiiccyufp/Build/Intermediates.noindex/ios-stations.build/Debug-iphonesimulator/ios-stations.build/ios-stations.app-Simulated.xcent -o /Users/hayashiakitora/Library/Developer/Xcode/DerivedData/ios-stations-dnoaqvuweeptizeawushiiccyufp/Build/Intermediates.noindex/ios-stations.build/Debug-iphonesimulator/ios-stations.build/ios-stations.app-Simulated.xcent.der --raw

Copy /Users/hayashiakitora/Library/Developer/Xcode/DerivedData/ios-stations-dnoaqvuweeptizeawushiiccyufp/Build/Products/Debug-iphonesimulator/ios-stations.app/Frameworks/libXCTestSwiftSupport.dylib /Applications/Xcode.app/Contents/Developer/Platforms/iPhoneSimulator.platform/Developer/usr/lib/libXCTestSwiftSupport.dylib (in target 'ios-stations' from project 'ios-stations')
    cd /Users/hayashiakitora/Develop/SwiftUIProjects/ios_stations
    builtin-copy -exclude .DS_Store -exclude CVS -exclude .svn -exclude .git -exclude .hg -exclude Headers -exclude PrivateHeaders -exclude Modules -exclude \*.tbd -resolve-src-symlinks /Applications/Xcode.app/Contents/Developer/Platforms/iPhoneSimulator.platform/Developer/usr/lib/libXCTestSwiftSupport.dylib /Users/hayashiakitora/Library/Developer/Xcode/DerivedData/ios-stations-dnoaqvuweeptizeawushiiccyufp/Build/Products/Debug-iphonesimulator/ios-stations.app/Frameworks

Copy /Users/hayashiakitora/Library/Developer/Xcode/DerivedData/ios-stations-dnoaqvuweeptizeawushiiccyufp/Build/Products/Debug-iphonesimulator/ios-stations.app/Frameworks/libXCTestBundleInject.dylib /Applications/Xcode.app/Contents/Developer/Platforms/iPhoneSimulator.platform/Developer/usr/lib/libXCTestBundleInject.dylib (in target 'ios-stations' from project 'ios-stations')
    cd /Users/hayashiakitora/Develop/SwiftUIProjects/ios_stations
    builtin-copy -exclude .DS_Store -exclude CVS -exclude .svn -exclude .git -exclude .hg -exclude Headers -exclude PrivateHeaders -exclude Modules -exclude \*.tbd -resolve-src-symlinks /Applications/Xcode.app/Contents/Developer/Platforms/iPhoneSimulator.platform/Developer/usr/lib/libXCTestBundleInject.dylib /Users/hayashiakitora/Library/Developer/Xcode/DerivedData/ios-stations-dnoaqvuweeptizeawushiiccyufp/Build/Products/Debug-iphonesimulator/ios-stations.app/Frameworks

Copy /Users/hayashiakitora/Library/Developer/Xcode/DerivedData/ios-stations-dnoaqvuweeptizeawushiiccyufp/Build/Products/Debug-iphonesimulator/ios-stations.app/Frameworks/XCUnit.framework /Applications/Xcode.app/Contents/Developer/Platforms/iPhoneSimulator.platform/Developer/Library/PrivateFrameworks/XCUnit.framework (in target 'ios-stations' from project 'ios-stations')
    cd /Users/hayashiakitora/Develop/SwiftUIProjects/ios_stations
    builtin-copy -exclude .DS_Store -exclude CVS -exclude .svn -exclude .git -exclude .hg -exclude Headers -exclude PrivateHeaders -exclude Modules -exclude \*.tbd -resolve-src-symlinks /Applications/Xcode.app/Contents/Developer/Platforms/iPhoneSimulator.platform/Developer/Library/PrivateFrameworks/XCUnit.framework /Users/hayashiakitora/Library/Developer/Xcode/DerivedData/ios-stations-dnoaqvuweeptizeawushiiccyufp/Build/Products/Debug-iphonesimulator/ios-stations.app/Frameworks

Copy /Users/hayashiakitora/Library/Developer/Xcode/DerivedData/ios-stations-dnoaqvuweeptizeawushiiccyufp/Build/Products/Debug-iphonesimulator/ios-stations.app/Frameworks/XCUIAutomation.framework /Applications/Xcode.app/Contents/Developer/Platforms/iPhoneSimulator.platform/Developer/Library/PrivateFrameworks/XCUIAutomation.framework (in target 'ios-stations' from project 'ios-stations')
    cd /Users/hayashiakitora/Develop/SwiftUIProjects/ios_stations
    builtin-copy -exclude .DS_Store -exclude CVS -exclude .svn -exclude .git -exclude .hg -exclude Headers -exclude PrivateHeaders -exclude Modules -exclude \*.tbd -resolve-src-symlinks /Applications/Xcode.app/Contents/Developer/Platforms/iPhoneSimulator.platform/Developer/Library/PrivateFrameworks/XCUIAutomation.framework /Users/hayashiakitora/Library/Developer/Xcode/DerivedData/ios-stations-dnoaqvuweeptizeawushiiccyufp/Build/Products/Debug-iphonesimulator/ios-stations.app/Frameworks

Copy /Users/hayashiakitora/Library/Developer/Xcode/DerivedData/ios-stations-dnoaqvuweeptizeawushiiccyufp/Build/Products/Debug-iphonesimulator/ios-stations.app/Frameworks/XCTestSupport.framework /Applications/Xcode.app/Contents/Developer/Platforms/iPhoneSimulator.platform/Developer/Library/PrivateFrameworks/XCTestSupport.framework (in target 'ios-stations' from project 'ios-stations')
    cd /Users/hayashiakitora/Develop/SwiftUIProjects/ios_stations
    builtin-copy -exclude .DS_Store -exclude CVS -exclude .svn -exclude .git -exclude .hg -exclude Headers -exclude PrivateHeaders -exclude Modules -exclude \*.tbd -resolve-src-symlinks /Applications/Xcode.app/Contents/Developer/Platforms/iPhoneSimulator.platform/Developer/Library/PrivateFrameworks/XCTestSupport.framework /Users/hayashiakitora/Library/Developer/Xcode/DerivedData/ios-stations-dnoaqvuweeptizeawushiiccyufp/Build/Products/Debug-iphonesimulator/ios-stations.app/Frameworks

Copy /Users/hayashiakitora/Library/Developer/Xcode/DerivedData/ios-stations-dnoaqvuweeptizeawushiiccyufp/Build/Products/Debug-iphonesimulator/ios-stations.app/Frameworks/XCTestCore.framework /Applications/Xcode.app/Contents/Developer/Platforms/iPhoneSimulator.platform/Developer/Library/PrivateFrameworks/XCTestCore.framework (in target 'ios-stations' from project 'ios-stations')
    cd /Users/hayashiakitora/Develop/SwiftUIProjects/ios_stations
    builtin-copy -exclude .DS_Store -exclude CVS -exclude .svn -exclude .git -exclude .hg -exclude Headers -exclude PrivateHeaders -exclude Modules -exclude \*.tbd -resolve-src-symlinks /Applications/Xcode.app/Contents/Developer/Platforms/iPhoneSimulator.platform/Developer/Library/PrivateFrameworks/XCTestCore.framework /Users/hayashiakitora/Library/Developer/Xcode/DerivedData/ios-stations-dnoaqvuweeptizeawushiiccyufp/Build/Products/Debug-iphonesimulator/ios-stations.app/Frameworks

Copy /Users/hayashiakitora/Library/Developer/Xcode/DerivedData/ios-stations-dnoaqvuweeptizeawushiiccyufp/Build/Products/Debug-iphonesimulator/ios-stations.app/Frameworks/XCTest.framework /Applications/Xcode.app/Contents/Developer/Platforms/iPhoneSimulator.platform/Developer/Library/Frameworks/XCTest.framework (in target 'ios-stations' from project 'ios-stations')
    cd /Users/hayashiakitora/Develop/SwiftUIProjects/ios_stations
    builtin-copy -exclude .DS_Store -exclude CVS -exclude .svn -exclude .git -exclude .hg -exclude Headers -exclude PrivateHeaders -exclude Modules -exclude \*.tbd -resolve-src-symlinks /Applications/Xcode.app/Contents/Developer/Platforms/iPhoneSimulator.platform/Developer/Library/Frameworks/XCTest.framework /Users/hayashiakitora/Library/Developer/Xcode/DerivedData/ios-stations-dnoaqvuweeptizeawushiiccyufp/Build/Products/Debug-iphonesimulator/ios-stations.app/Frameworks

ProcessInfoPlistFile /Users/hayashiakitora/Library/Developer/Xcode/DerivedData/ios-stations-dnoaqvuweeptizeawushiiccyufp/Build/Products/Debug-iphonesimulator/ios-stations.app/Info.plist /Users/hayashiakitora/Develop/SwiftUIProjects/ios_stations/ios-stations/Info.plist (in target 'ios-stations' from project 'ios-stations')
    cd /Users/hayashiakitora/Develop/SwiftUIProjects/ios_stations
    builtin-infoPlistUtility /Users/hayashiakitora/Develop/SwiftUIProjects/ios_stations/ios-stations/Info.plist -producttype com.apple.product-type.application -genpkginfo /Users/hayashiakitora/Library/Developer/Xcode/DerivedData/ios-stations-dnoaqvuweeptizeawushiiccyufp/Build/Products/Debug-iphonesimulator/ios-stations.app/PkgInfo -expandbuildsettings -format binary -platform iphonesimulator -additionalcontentfile /Users/hayashiakitora/Library/Developer/Xcode/DerivedData/ios-stations-dnoaqvuweeptizeawushiiccyufp/Build/Intermediates.noindex/ios-stations.build/Debug-iphonesimulator/ios-stations.build/Base.lproj/LaunchScreen-SBPartialInfo.plist -additionalcontentfile /Users/hayashiakitora/Library/Developer/Xcode/DerivedData/ios-stations-dnoaqvuweeptizeawushiiccyufp/Build/Intermediates.noindex/ios-stations.build/Debug-iphonesimulator/ios-stations.build/assetcatalog_generated_info.plist -additionalcontentfile /Users/hayashiakitora/Library/Developer/Xcode/DerivedData/ios-stations-dnoaqvuweeptizeawushiiccyufp/Build/Intermediates.noindex/ios-stations.build/Debug-iphonesimulator/ios-stations.build/Base.lproj/Main-SBPartialInfo.plist -o /Users/hayashiakitora/Library/Developer/Xcode/DerivedData/ios-stations-dnoaqvuweeptizeawushiiccyufp/Build/Products/Debug-iphonesimulator/ios-stations.app/Info.plist

Copy /Users/hayashiakitora/Library/Developer/Xcode/DerivedData/ios-stations-dnoaqvuweeptizeawushiiccyufp/Build/Products/Debug-iphonesimulator/ios-stations.app/Frameworks/XCTAutomationSupport.framework /Applications/Xcode.app/Contents/Developer/Platforms/iPhoneSimulator.platform/Developer/Library/PrivateFrameworks/XCTAutomationSupport.framework (in target 'ios-stations' from project 'ios-stations')
    cd /Users/hayashiakitora/Develop/SwiftUIProjects/ios_stations
    builtin-copy -exclude .DS_Store -exclude CVS -exclude .svn -exclude .git -exclude .hg -exclude Headers -exclude PrivateHeaders -exclude Modules -exclude \*.tbd -resolve-src-symlinks /Applications/Xcode.app/Contents/Developer/Platforms/iPhoneSimulator.platform/Developer/Library/PrivateFrameworks/XCTAutomationSupport.framework /Users/hayashiakitora/Library/Developer/Xcode/DerivedData/ios-stations-dnoaqvuweeptizeawushiiccyufp/Build/Products/Debug-iphonesimulator/ios-stations.app/Frameworks

Copy /Users/hayashiakitora/Library/Developer/Xcode/DerivedData/ios-stations-dnoaqvuweeptizeawushiiccyufp/Build/Products/Debug-iphonesimulator/ios-stations.app/Frameworks/Testing.framework /Applications/Xcode.app/Contents/Developer/Platforms/iPhoneSimulator.platform/Developer/Library/Frameworks/Testing.framework (in target 'ios-stations' from project 'ios-stations')
    cd /Users/hayashiakitora/Develop/SwiftUIProjects/ios_stations
    builtin-copy -exclude .DS_Store -exclude CVS -exclude .svn -exclude .git -exclude .hg -exclude Headers -exclude PrivateHeaders -exclude Modules -exclude \*.tbd -resolve-src-symlinks /Applications/Xcode.app/Contents/Developer/Platforms/iPhoneSimulator.platform/Developer/Library/Frameworks/Testing.framework /Users/hayashiakitora/Library/Developer/Xcode/DerivedData/ios-stations-dnoaqvuweeptizeawushiiccyufp/Build/Products/Debug-iphonesimulator/ios-stations.app/Frameworks

Ld /Users/hayashiakitora/Library/Developer/Xcode/DerivedData/ios-stations-dnoaqvuweeptizeawushiiccyufp/Build/Products/Debug-iphonesimulator/ios-stations.app/ios-stations.debug.dylib normal (in target 'ios-stations' from project 'ios-stations')
    cd /Users/hayashiakitora/Develop/SwiftUIProjects/ios_stations
    /Applications/Xcode.app/Contents/Developer/Toolchains/XcodeDefault.xctoolchain/usr/bin/clang -Xlinker -reproducible -target arm64-apple-ios14.5-simulator -dynamiclib -isysroot /Applications/Xcode.app/Contents/Developer/Platforms/iPhoneSimulator.platform/Developer/SDKs/iPhoneSimulator18.0.sdk -O0 -L/Users/hayashiakitora/Library/Developer/Xcode/DerivedData/ios-stations-dnoaqvuweeptizeawushiiccyufp/Build/Intermediates.noindex/EagerLinkingTBDs/Debug-iphonesimulator -L/Users/hayashiakitora/Library/Developer/Xcode/DerivedData/ios-stations-dnoaqvuweeptizeawushiiccyufp/Build/Products/Debug-iphonesimulator -F/Users/hayashiakitora/Library/Developer/Xcode/DerivedData/ios-stations-dnoaqvuweeptizeawushiiccyufp/Build/Intermediates.noindex/EagerLinkingTBDs/Debug-iphonesimulator -F/Users/hayashiakitora/Library/Developer/Xcode/DerivedData/ios-stations-dnoaqvuweeptizeawushiiccyufp/Build/Products/Debug-iphonesimulator -filelist /Users/hayashiakitora/Library/Developer/Xcode/DerivedData/ios-stations-dnoaqvuweeptizeawushiiccyufp/Build/Intermediates.noindex/ios-stations.build/Debug-iphonesimulator/ios-stations.build/Objects-normal/arm64/ios-stations.LinkFileList -install_name @rpath/ios-stations.debug.dylib -Xlinker -rpath -Xlinker /usr/lib/swift -Xlinker -rpath -Xlinker @executable_path/Frameworks -dead_strip -Xlinker -object_path_lto -Xlinker /Users/hayashiakitora/Library/Developer/Xcode/DerivedData/ios-stations-dnoaqvuweeptizeawushiiccyufp/Build/Intermediates.noindex/ios-stations.build/Debug-iphonesimulator/ios-stations.build/Objects-normal/arm64/ios-stations_lto.o -Xlinker -export_dynamic -Xlinker -no_deduplicate -Xlinker -objc_abi_version -Xlinker 2 -fobjc-link-runtime -L/Applications/Xcode.app/Contents/Developer/Toolchains/XcodeDefault.xctoolchain/usr/lib/swift/iphonesimulator -L/usr/lib/swift -Xlinker -add_ast_path -Xlinker /Users/hayashiakitora/Library/Developer/Xcode/DerivedData/ios-stations-dnoaqvuweeptizeawushiiccyufp/Build/Intermediates.noindex/ios-stations.build/Debug-iphonesimulator/ios-stations.build/Objects-normal/arm64/ios_stations.swiftmodule -Xlinker -alias -Xlinker _main -Xlinker ___debug_main_executable_dylib_entry_point -framework WebKit -Xlinker -no_adhoc_codesign -Xlinker -dependency_info -Xlinker /Users/hayashiakitora/Library/Developer/Xcode/DerivedData/ios-stations-dnoaqvuweeptizeawushiiccyufp/Build/Intermediates.noindex/ios-stations.build/Debug-iphonesimulator/ios-stations.build/Objects-normal/arm64/ios-stations_dependency_info.dat -o /Users/hayashiakitora/Library/Developer/Xcode/DerivedData/ios-stations-dnoaqvuweeptizeawushiiccyufp/Build/Products/Debug-iphonesimulator/ios-stations.app/ios-stations.debug.dylib

ProcessProductPackaging "" /Users/hayashiakitora/Library/Developer/Xcode/DerivedData/ios-stations-dnoaqvuweeptizeawushiiccyufp/Build/Intermediates.noindex/ios-stations.build/Debug-iphonesimulator/ios-stationsUITests.build/ios-stationsUITests.xctest-Simulated.xcent (in target 'ios-stationsUITests' from project 'ios-stations')
    cd /Users/hayashiakitora/Develop/SwiftUIProjects/ios_stations
    
    Entitlements:
    
    {
    "application-identifier" = "2A7R4ZP8WU.jp.co.techbowl.ios-stationsUITests.xctrunner";
    "keychain-access-groups" =     (
        "2A7R4ZP8WU.jp.co.techbowl.ios-stationsUITests.xctrunner"
    );
}
    
    builtin-productPackagingUtility -entitlements -format xml -o /Users/hayashiakitora/Library/Developer/Xcode/DerivedData/ios-stations-dnoaqvuweeptizeawushiiccyufp/Build/Intermediates.noindex/ios-stations.build/Debug-iphonesimulator/ios-stationsUITests.build/ios-stationsUITests.xctest-Simulated.xcent

ProcessProductPackagingDER /Users/hayashiakitora/Library/Developer/Xcode/DerivedData/ios-stations-dnoaqvuweeptizeawushiiccyufp/Build/Intermediates.noindex/ios-stations.build/Debug-iphonesimulator/ios-stationsUITests.build/ios-stationsUITests.xctest-Simulated.xcent /Users/hayashiakitora/Library/Developer/Xcode/DerivedData/ios-stations-dnoaqvuweeptizeawushiiccyufp/Build/Intermediates.noindex/ios-stations.build/Debug-iphonesimulator/ios-stationsUITests.build/ios-stationsUITests.xctest-Simulated.xcent.der (in target 'ios-stationsUITests' from project 'ios-stations')
    cd /Users/hayashiakitora/Develop/SwiftUIProjects/ios_stations
    /usr/bin/derq query -f xml -i /Users/hayashiakitora/Library/Developer/Xcode/DerivedData/ios-stations-dnoaqvuweeptizeawushiiccyufp/Build/Intermediates.noindex/ios-stations.build/Debug-iphonesimulator/ios-stationsUITests.build/ios-stationsUITests.xctest-Simulated.xcent -o /Users/hayashiakitora/Library/Developer/Xcode/DerivedData/ios-stations-dnoaqvuweeptizeawushiiccyufp/Build/Intermediates.noindex/ios-stations.build/Debug-iphonesimulator/ios-stationsUITests.build/ios-stationsUITests.xctest-Simulated.xcent.der --raw

SwiftDriver ios-stationsTests normal arm64 com.apple.xcode.tools.swift.compiler (in target 'ios-stationsTests' from project 'ios-stations')
    cd /Users/hayashiakitora/Develop/SwiftUIProjects/ios_stations
    builtin-SwiftDriver -- /Applications/Xcode.app/Contents/Developer/Toolchains/XcodeDefault.xctoolchain/usr/bin/swiftc -module-name ios_stationsTests -Onone -enforce-exclusivity\=checked @/Users/hayashiakitora/Library/Developer/Xcode/DerivedData/ios-stations-dnoaqvuweeptizeawushiiccyufp/Build/Intermediates.noindex/ios-stations.build/Debug-iphonesimulator/ios-stationsTests.build/Objects-normal/arm64/ios-stationsTests.SwiftFileList -DDEBUG -plugin-path /Applications/Xcode.app/Contents/Developer/Toolchains/XcodeDefault.xctoolchain/usr/lib/swift/host/plugins/testing -enable-bare-slash-regex -enable-experimental-feature DebugDescriptionMacro -sdk /Applications/Xcode.app/Contents/Developer/Platforms/iPhoneSimulator.platform/Developer/SDKs/iPhoneSimulator18.0.sdk -target arm64-apple-ios14.5-simulator -g -module-cache-path /Users/hayashiakitora/Library/Developer/Xcode/DerivedData/ModuleCache.noindex -Xfrontend -serialize-debugging-options -enable-testing -index-store-path /Users/hayashiakitora/Library/Developer/Xcode/DerivedData/ios-stations-dnoaqvuweeptizeawushiiccyufp/Index.noindex/DataStore -enable-experimental-feature OpaqueTypeErasure -Xcc -D_LIBCPP_HARDENING_MODE\=_LIBCPP_HARDENING_MODE_DEBUG -swift-version 5 -I /Users/hayashiakitora/Library/Developer/Xcode/DerivedData/ios-stations-dnoaqvuweeptizeawushiiccyufp/Build/Products/Debug-iphonesimulator -I /Applications/Xcode.app/Contents/Developer/Platforms/iPhoneSimulator.platform/Developer/usr/lib -F /Users/hayashiakitora/Library/Developer/Xcode/DerivedData/ios-stations-dnoaqvuweeptizeawushiiccyufp/Build/Products/Debug-iphonesimulator -F /Applications/Xcode.app/Contents/Developer/Platforms/iPhoneSimulator.platform/Developer/Library/Frameworks -F /Applications/Xcode.app/Contents/Developer/Platforms/iPhoneSimulator.platform/Developer/SDKs/iPhoneSimulator18.0.sdk/Developer/Library/Frameworks -parse-as-library -c -j8 -enable-batch-mode -incremental -Xcc -ivfsstatcache -Xcc /Users/hayashiakitora/Library/Developer/Xcode/DerivedData/SDKStatCaches.noindex/iphonesimulator18.0-22A3362-db63dc9361471f152f572502bdbfe70a.sdkstatcache -output-file-map /Users/hayashiakitora/Library/Developer/Xcode/DerivedData/ios-stations-dnoaqvuweeptizeawushiiccyufp/Build/Intermediates.noindex/ios-stations.build/Debug-iphonesimulator/ios-stationsTests.build/Objects-normal/arm64/ios-stationsTests-OutputFileMap.json -use-frontend-parseable-output -save-temps -no-color-diagnostics -serialize-diagnostics -emit-dependencies -emit-module -emit-module-path /Users/hayashiakitora/Library/Developer/Xcode/DerivedData/ios-stations-dnoaqvuweeptizeawushiiccyufp/Build/Intermediates.noindex/ios-stations.build/Debug-iphonesimulator/ios-stationsTests.build/Objects-normal/arm64/ios_stationsTests.swiftmodule -validate-clang-modules-once -clang-build-session-file /Users/hayashiakitora/Library/Developer/Xcode/DerivedData/ModuleCache.noindex/Session.modulevalidation -Xcc -I/Users/hayashiakitora/Library/Developer/Xcode/DerivedData/ios-stations-dnoaqvuweeptizeawushiiccyufp/Build/Intermediates.noindex/ios-stations.build/Debug-iphonesimulator/ios-stationsTests.build/swift-overrides.hmap -emit-const-values -Xfrontend -const-gather-protocols-file -Xfrontend /Users/hayashiakitora/Library/Developer/Xcode/DerivedData/ios-stations-dnoaqvuweeptizeawushiiccyufp/Build/Intermediates.noindex/ios-stations.build/Debug-iphonesimulator/ios-stationsTests.build/Objects-normal/arm64/ios-stationsTests_const_extract_protocols.json -Xcc -iquote -Xcc /Users/hayashiakitora/Library/Developer/Xcode/DerivedData/ios-stations-dnoaqvuweeptizeawushiiccyufp/Build/Intermediates.noindex/ios-stations.build/Debug-iphonesimulator/ios-stationsTests.build/ios-stationsTests-generated-files.hmap -Xcc -I/Users/hayashiakitora/Library/Developer/Xcode/DerivedData/ios-stations-dnoaqvuweeptizeawushiiccyufp/Build/Intermediates.noindex/ios-stations.build/Debug-iphonesimulator/ios-stationsTests.build/ios-stationsTests-own-target-headers.hmap -Xcc -I/Users/hayashiakitora/Library/Developer/Xcode/DerivedData/ios-stations-dnoaqvuweeptizeawushiiccyufp/Build/Intermediates.noindex/ios-stations.build/Debug-iphonesimulator/ios-stationsTests.build/ios-stationsTests-all-target-headers.hmap -Xcc -iquote -Xcc /Users/hayashiakitora/Library/Developer/Xcode/DerivedData/ios-stations-dnoaqvuweeptizeawushiiccyufp/Build/Intermediates.noindex/ios-stations.build/Debug-iphonesimulator/ios-stationsTests.build/ios-stationsTests-project-headers.hmap -Xcc -I/Users/hayashiakitora/Library/Developer/Xcode/DerivedData/ios-stations-dnoaqvuweeptizeawushiiccyufp/Build/Products/Debug-iphonesimulator/include -Xcc -I/Users/hayashiakitora/Library/Developer/Xcode/DerivedData/ios-stations-dnoaqvuweeptizeawushiiccyufp/Build/Intermediates.noindex/ios-stations.build/Debug-iphonesimulator/ios-stationsTests.build/DerivedSources-normal/arm64 -Xcc -I/Users/hayashiakitora/Library/Developer/Xcode/DerivedData/ios-stations-dnoaqvuweeptizeawushiiccyufp/Build/Intermediates.noindex/ios-stations.build/Debug-iphonesimulator/ios-stationsTests.build/DerivedSources/arm64 -Xcc -I/Users/hayashiakitora/Library/Developer/Xcode/DerivedData/ios-stations-dnoaqvuweeptizeawushiiccyufp/Build/Intermediates.noindex/ios-stations.build/Debug-iphonesimulator/ios-stationsTests.build/DerivedSources -Xcc -DDEBUG\=1 -emit-objc-header -emit-objc-header-path /Users/hayashiakitora/Library/Developer/Xcode/DerivedData/ios-stations-dnoaqvuweeptizeawushiiccyufp/Build/Intermediates.noindex/ios-stations.build/Debug-iphonesimulator/ios-stationsTests.build/Objects-normal/arm64/ios_stationsTests-Swift.h -working-directory /Users/hayashiakitora/Develop/SwiftUIProjects/ios_stations -experimental-emit-module-separately -disable-cmo

SwiftDriver ios-stationsUITests normal arm64 com.apple.xcode.tools.swift.compiler (in target 'ios-stationsUITests' from project 'ios-stations')
    cd /Users/hayashiakitora/Develop/SwiftUIProjects/ios_stations
    builtin-SwiftDriver -- /Applications/Xcode.app/Contents/Developer/Toolchains/XcodeDefault.xctoolchain/usr/bin/swiftc -module-name ios_stationsUITests -Onone -enforce-exclusivity\=checked @/Users/hayashiakitora/Library/Developer/Xcode/DerivedData/ios-stations-dnoaqvuweeptizeawushiiccyufp/Build/Intermediates.noindex/ios-stations.build/Debug-iphonesimulator/ios-stationsUITests.build/Objects-normal/arm64/ios-stationsUITests.SwiftFileList -DDEBUG -module-alias Testing\=_Testing_Unavailable -plugin-path /Applications/Xcode.app/Contents/Developer/Toolchains/XcodeDefault.xctoolchain/usr/lib/swift/host/plugins/testing -enable-bare-slash-regex -enable-experimental-feature DebugDescriptionMacro -sdk /Applications/Xcode.app/Contents/Developer/Platforms/iPhoneSimulator.platform/Developer/SDKs/iPhoneSimulator18.0.sdk -target arm64-apple-ios14.5-simulator -g -module-cache-path /Users/hayashiakitora/Library/Developer/Xcode/DerivedData/ModuleCache.noindex -Xfrontend -serialize-debugging-options -enable-testing -index-store-path /Users/hayashiakitora/Library/Developer/Xcode/DerivedData/ios-stations-dnoaqvuweeptizeawushiiccyufp/Index.noindex/DataStore -enable-experimental-feature OpaqueTypeErasure -Xcc -D_LIBCPP_HARDENING_MODE\=_LIBCPP_HARDENING_MODE_DEBUG -swift-version 5 -I /Users/hayashiakitora/Library/Developer/Xcode/DerivedData/ios-stations-dnoaqvuweeptizeawushiiccyufp/Build/Products/Debug-iphonesimulator -I /Applications/Xcode.app/Contents/Developer/Platforms/iPhoneSimulator.platform/Developer/usr/lib -F /Users/hayashiakitora/Library/Developer/Xcode/DerivedData/ios-stations-dnoaqvuweeptizeawushiiccyufp/Build/Products/Debug-iphonesimulator -F /Applications/Xcode.app/Contents/Developer/Platforms/iPhoneSimulator.platform/Developer/Library/Frameworks -F /Applications/Xcode.app/Contents/Developer/Platforms/iPhoneSimulator.platform/Developer/SDKs/iPhoneSimulator18.0.sdk/Developer/Library/Frameworks -parse-as-library -c -j8 -enable-batch-mode -incremental -Xcc -ivfsstatcache -Xcc /Users/hayashiakitora/Library/Developer/Xcode/DerivedData/SDKStatCaches.noindex/iphonesimulator18.0-22A3362-db63dc9361471f152f572502bdbfe70a.sdkstatcache -output-file-map /Users/hayashiakitora/Library/Developer/Xcode/DerivedData/ios-stations-dnoaqvuweeptizeawushiiccyufp/Build/Intermediates.noindex/ios-stations.build/Debug-iphonesimulator/ios-stationsUITests.build/Objects-normal/arm64/ios-stationsUITests-OutputFileMap.json -use-frontend-parseable-output -save-temps -no-color-diagnostics -serialize-diagnostics -emit-dependencies -emit-module -emit-module-path /Users/hayashiakitora/Library/Developer/Xcode/DerivedData/ios-stations-dnoaqvuweeptizeawushiiccyufp/Build/Intermediates.noindex/ios-stations.build/Debug-iphonesimulator/ios-stationsUITests.build/Objects-normal/arm64/ios_stationsUITests.swiftmodule -validate-clang-modules-once -clang-build-session-file /Users/hayashiakitora/Library/Developer/Xcode/DerivedData/ModuleCache.noindex/Session.modulevalidation -Xcc -I/Users/hayashiakitora/Library/Developer/Xcode/DerivedData/ios-stations-dnoaqvuweeptizeawushiiccyufp/Build/Intermediates.noindex/ios-stations.build/Debug-iphonesimulator/ios-stationsUITests.build/swift-overrides.hmap -emit-const-values -Xfrontend -const-gather-protocols-file -Xfrontend /Users/hayashiakitora/Library/Developer/Xcode/DerivedData/ios-stations-dnoaqvuweeptizeawushiiccyufp/Build/Intermediates.noindex/ios-stations.build/Debug-iphonesimulator/ios-stationsUITests.build/Objects-normal/arm64/ios-stationsUITests_const_extract_protocols.json -Xcc -iquote -Xcc /Users/hayashiakitora/Library/Developer/Xcode/DerivedData/ios-stations-dnoaqvuweeptizeawushiiccyufp/Build/Intermediates.noindex/ios-stations.build/Debug-iphonesimulator/ios-stationsUITests.build/ios-stationsUITests-generated-files.hmap -Xcc -I/Users/hayashiakitora/Library/Developer/Xcode/DerivedData/ios-stations-dnoaqvuweeptizeawushiiccyufp/Build/Intermediates.noindex/ios-stations.build/Debug-iphonesimulator/ios-stationsUITests.build/ios-stationsUITests-own-target-headers.hmap -Xcc -I/Users/hayashiakitora/Library/Developer/Xcode/DerivedData/ios-stations-dnoaqvuweeptizeawushiiccyufp/Build/Intermediates.noindex/ios-stations.build/Debug-iphonesimulator/ios-stationsUITests.build/ios-stationsUITests-all-target-headers.hmap -Xcc -iquote -Xcc /Users/hayashiakitora/Library/Developer/Xcode/DerivedData/ios-stations-dnoaqvuweeptizeawushiiccyufp/Build/Intermediates.noindex/ios-stations.build/Debug-iphonesimulator/ios-stationsUITests.build/ios-stationsUITests-project-headers.hmap -Xcc -I/Users/hayashiakitora/Library/Developer/Xcode/DerivedData/ios-stations-dnoaqvuweeptizeawushiiccyufp/Build/Products/Debug-iphonesimulator/include -Xcc -I/Users/hayashiakitora/Library/Developer/Xcode/DerivedData/ios-stations-dnoaqvuweeptizeawushiiccyufp/Build/Intermediates.noindex/ios-stations.build/Debug-iphonesimulator/ios-stationsUITests.build/DerivedSources-normal/arm64 -Xcc -I/Users/hayashiakitora/Library/Developer/Xcode/DerivedData/ios-stations-dnoaqvuweeptizeawushiiccyufp/Build/Intermediates.noindex/ios-stations.build/Debug-iphonesimulator/ios-stationsUITests.build/DerivedSources/arm64 -Xcc -I/Users/hayashiakitora/Library/Developer/Xcode/DerivedData/ios-stations-dnoaqvuweeptizeawushiiccyufp/Build/Intermediates.noindex/ios-stations.build/Debug-iphonesimulator/ios-stationsUITests.build/DerivedSources -Xcc -DDEBUG\=1 -emit-objc-header -emit-objc-header-path /Users/hayashiakitora/Library/Developer/Xcode/DerivedData/ios-stations-dnoaqvuweeptizeawushiiccyufp/Build/Intermediates.noindex/ios-stations.build/Debug-iphonesimulator/ios-stationsUITests.build/Objects-normal/arm64/ios_stationsUITests-Swift.h -working-directory /Users/hayashiakitora/Develop/SwiftUIProjects/ios_stations -experimental-emit-module-separately -disable-cmo

ConstructStubExecutorLinkFileList /Users/hayashiakitora/Library/Developer/Xcode/DerivedData/ios-stations-dnoaqvuweeptizeawushiiccyufp/Build/Intermediates.noindex/ios-stations.build/Debug-iphonesimulator/ios-stations.build/ios-stations-ExecutorLinkFileList-normal-arm64.txt (in target 'ios-stations' from project 'ios-stations')
    cd /Users/hayashiakitora/Develop/SwiftUIProjects/ios_stations
    construct-stub-executor-link-file-list /Users/hayashiakitora/Library/Developer/Xcode/DerivedData/ios-stations-dnoaqvuweeptizeawushiiccyufp/Build/Products/Debug-iphonesimulator/ios-stations.app/ios-stations.debug.dylib /Applications/Xcode.app/Contents/Developer/Platforms/iPhoneSimulator.platform/Developer/usr/lib/libPreviewsJITStubExecutor_no_swift_entry_point.a /Applications/Xcode.app/Contents/Developer/Platforms/iPhoneSimulator.platform/Developer/usr/lib/libPreviewsJITStubExecutor.a --output /Users/hayashiakitora/Library/Developer/Xcode/DerivedData/ios-stations-dnoaqvuweeptizeawushiiccyufp/Build/Intermediates.noindex/ios-stations.build/Debug-iphonesimulator/ios-stations.build/ios-stations-ExecutorLinkFileList-normal-arm64.txt
note: Using stub executor library with Swift entry point. (in target 'ios-stations' from project 'ios-stations')

Ld /Users/hayashiakitora/Library/Developer/Xcode/DerivedData/ios-stations-dnoaqvuweeptizeawushiiccyufp/Build/Products/Debug-iphonesimulator/ios-stations.app/ios-stations normal (in target 'ios-stations' from project 'ios-stations')
    cd /Users/hayashiakitora/Develop/SwiftUIProjects/ios_stations
    /Applications/Xcode.app/Contents/Developer/Toolchains/XcodeDefault.xctoolchain/usr/bin/clang -Xlinker -reproducible -target arm64-apple-ios14.5-simulator -isysroot /Applications/Xcode.app/Contents/Developer/Platforms/iPhoneSimulator.platform/Developer/SDKs/iPhoneSimulator18.0.sdk -O0 -L/Users/hayashiakitora/Library/Developer/Xcode/DerivedData/ios-stations-dnoaqvuweeptizeawushiiccyufp/Build/Products/Debug-iphonesimulator -F/Users/hayashiakitora/Library/Developer/Xcode/DerivedData/ios-stations-dnoaqvuweeptizeawushiiccyufp/Build/Products/Debug-iphonesimulator -Xlinker -rpath -Xlinker @executable_path -Xlinker -rpath -Xlinker @executable_path/Frameworks -Xlinker -export_dynamic -Xlinker -no_deduplicate -Xlinker -objc_abi_version -Xlinker 2 -e ___debug_blank_executor_main -Xlinker -sectcreate -Xlinker __TEXT -Xlinker __debug_dylib -Xlinker /Users/hayashiakitora/Library/Developer/Xcode/DerivedData/ios-stations-dnoaqvuweeptizeawushiiccyufp/Build/Intermediates.noindex/ios-stations.build/Debug-iphonesimulator/ios-stations.build/ios-stations-DebugDylibPath-normal-arm64.txt -Xlinker -sectcreate -Xlinker __TEXT -Xlinker __debug_instlnm -Xlinker /Users/hayashiakitora/Library/Developer/Xcode/DerivedData/ios-stations-dnoaqvuweeptizeawushiiccyufp/Build/Intermediates.noindex/ios-stations.build/Debug-iphonesimulator/ios-stations.build/ios-stations-DebugDylibInstallName-normal-arm64.txt -Xlinker -filelist -Xlinker /Users/hayashiakitora/Library/Developer/Xcode/DerivedData/ios-stations-dnoaqvuweeptizeawushiiccyufp/Build/Intermediates.noindex/ios-stations.build/Debug-iphonesimulator/ios-stations.build/ios-stations-ExecutorLinkFileList-normal-arm64.txt -Xlinker -sectcreate -Xlinker __TEXT -Xlinker __entitlements -Xlinker /Users/hayashiakitora/Library/Developer/Xcode/DerivedData/ios-stations-dnoaqvuweeptizeawushiiccyufp/Build/Intermediates.noindex/ios-stations.build/Debug-iphonesimulator/ios-stations.build/ios-stations.app-Simulated.xcent -Xlinker -sectcreate -Xlinker __TEXT -Xlinker __ents_der -Xlinker /Users/hayashiakitora/Library/Developer/Xcode/DerivedData/ios-stations-dnoaqvuweeptizeawushiiccyufp/Build/Intermediates.noindex/ios-stations.build/Debug-iphonesimulator/ios-stations.build/ios-stations.app-Simulated.xcent.der /Users/hayashiakitora/Library/Developer/Xcode/DerivedData/ios-stations-dnoaqvuweeptizeawushiiccyufp/Build/Products/Debug-iphonesimulator/ios-stations.app/ios-stations.debug.dylib -o /Users/hayashiakitora/Library/Developer/Xcode/DerivedData/ios-stations-dnoaqvuweeptizeawushiiccyufp/Build/Products/Debug-iphonesimulator/ios-stations.app/ios-stations

CopySwiftLibs /Users/hayashiakitora/Library/Developer/Xcode/DerivedData/ios-stations-dnoaqvuweeptizeawushiiccyufp/Build/Products/Debug-iphonesimulator/ios-stations.app (in target 'ios-stations' from project 'ios-stations')
    cd /Users/hayashiakitora/Develop/SwiftUIProjects/ios_stations
    builtin-swiftStdLibTool --copy --verbose --sign - --scan-executable /Users/hayashiakitora/Library/Developer/Xcode/DerivedData/ios-stations-dnoaqvuweeptizeawushiiccyufp/Build/Products/Debug-iphonesimulator/ios-stations.app/ios-stations.debug.dylib --scan-folder /Users/hayashiakitora/Library/Developer/Xcode/DerivedData/ios-stations-dnoaqvuweeptizeawushiiccyufp/Build/Products/Debug-iphonesimulator/ios-stations.app/Frameworks --scan-folder /Users/hayashiakitora/Library/Developer/Xcode/DerivedData/ios-stations-dnoaqvuweeptizeawushiiccyufp/Build/Products/Debug-iphonesimulator/ios-stations.app/PlugIns --scan-folder /Users/hayashiakitora/Library/Developer/Xcode/DerivedData/ios-stations-dnoaqvuweeptizeawushiiccyufp/Build/Products/Debug-iphonesimulator/ios-stations.app/SystemExtensions --scan-folder /Users/hayashiakitora/Library/Developer/Xcode/DerivedData/ios-stations-dnoaqvuweeptizeawushiiccyufp/Build/Products/Debug-iphonesimulator/ios-stations.app/Extensions --scan-folder /Applications/Xcode.app/Contents/Developer/Platforms/iPhoneSimulator.platform/Developer/SDKs/iPhoneSimulator18.0.sdk/System/Library/Frameworks/WebKit.framework --platform iphonesimulator --toolchain /Applications/Xcode.app/Contents/Developer/Toolchains/XcodeDefault.xctoolchain --destination /Users/hayashiakitora/Library/Developer/Xcode/DerivedData/ios-stations-dnoaqvuweeptizeawushiiccyufp/Build/Products/Debug-iphonesimulator/ios-stations.app/Frameworks --strip-bitcode --strip-bitcode-tool /Applications/Xcode.app/Contents/Developer/Toolchains/XcodeDefault.xctoolchain/usr/bin/bitcode_strip --emit-dependency-info /Users/hayashiakitora/Library/Developer/Xcode/DerivedData/ios-stations-dnoaqvuweeptizeawushiiccyufp/Build/Intermediates.noindex/ios-stations.build/Debug-iphonesimulator/ios-stations.build/SwiftStdLibToolInputDependencies.dep --filter-for-swift-os

ExtractAppIntentsMetadata (in target 'ios-stations' from project 'ios-stations')
    cd /Users/hayashiakitora/Develop/SwiftUIProjects/ios_stations
    /Applications/Xcode.app/Contents/Developer/Toolchains/XcodeDefault.xctoolchain/usr/bin/appintentsmetadataprocessor --output /Users/hayashiakitora/Library/Developer/Xcode/DerivedData/ios-stations-dnoaqvuweeptizeawushiiccyufp/Build/Products/Debug-iphonesimulator/ios-stations.app --toolchain-dir /Applications/Xcode.app/Contents/Developer/Toolchains/XcodeDefault.xctoolchain --module-name ios_stations --sdk-root /Applications/Xcode.app/Contents/Developer/Platforms/iPhoneSimulator.platform/Developer/SDKs/iPhoneSimulator18.0.sdk --xcode-version 16A242d --platform-family iOS --deployment-target 14.5 --bundle-identifier jp.co.techbowl.ios-stations --target-triple arm64-apple-ios14.5-simulator --binary-file /Users/hayashiakitora/Library/Developer/Xcode/DerivedData/ios-stations-dnoaqvuweeptizeawushiiccyufp/Build/Products/Debug-iphonesimulator/ios-stations.app/ios-stations --dependency-file /Users/hayashiakitora/Library/Developer/Xcode/DerivedData/ios-stations-dnoaqvuweeptizeawushiiccyufp/Build/Intermediates.noindex/ios-stations.build/Debug-iphonesimulator/ios-stations.build/Objects-normal/arm64/ios-stations_dependency_info.dat --stringsdata-file /Users/hayashiakitora/Library/Developer/Xcode/DerivedData/ios-stations-dnoaqvuweeptizeawushiiccyufp/Build/Intermediates.noindex/ios-stations.build/Debug-iphonesimulator/ios-stations.build/Objects-normal/arm64/ExtractedAppShortcutsMetadata.stringsdata --source-file-list /Users/hayashiakitora/Library/Developer/Xcode/DerivedData/ios-stations-dnoaqvuweeptizeawushiiccyufp/Build/Intermediates.noindex/ios-stations.build/Debug-iphonesimulator/ios-stations.build/Objects-normal/arm64/ios-stations.SwiftFileList --metadata-file-list /Users/hayashiakitora/Library/Developer/Xcode/DerivedData/ios-stations-dnoaqvuweeptizeawushiiccyufp/Build/Intermediates.noindex/ios-stations.build/Debug-iphonesimulator/ios-stations.build/ios-stations.DependencyMetadataFileList --swift-const-vals-list /Users/hayashiakitora/Library/Developer/Xcode/DerivedData/ios-stations-dnoaqvuweeptizeawushiiccyufp/Build/Intermediates.noindex/ios-stations.build/Debug-iphonesimulator/ios-stations.build/Objects-normal/arm64/ios-stations.SwiftConstValuesFileList --compile-time-extraction --deployment-aware-processing --validate-assistant-intents
note: Metadata extraction skipped. No AppIntents.framework dependency found. (in target 'ios-stations' from project 'ios-stations')

ProcessInfoPlistFile /Users/hayashiakitora/Library/Developer/Xcode/DerivedData/ios-stations-dnoaqvuweeptizeawushiiccyufp/Build/Products/Debug-iphonesimulator/ios-stations.app/PlugIns/ios-stationsTests.xctest/Info.plist /Users/hayashiakitora/Develop/SwiftUIProjects/ios_stations/ios-stationsTests/Info.plist (in target 'ios-stationsTests' from project 'ios-stations')
    cd /Users/hayashiakitora/Develop/SwiftUIProjects/ios_stations
    builtin-infoPlistUtility /Users/hayashiakitora/Develop/SwiftUIProjects/ios_stations/ios-stationsTests/Info.plist -producttype com.apple.product-type.bundle.unit-test -expandbuildsettings -format binary -platform iphonesimulator -o /Users/hayashiakitora/Library/Developer/Xcode/DerivedData/ios-stations-dnoaqvuweeptizeawushiiccyufp/Build/Products/Debug-iphonesimulator/ios-stations.app/PlugIns/ios-stationsTests.xctest/Info.plist

SwiftEmitModule normal arm64 Emitting\ module\ for\ ios_stationsUITests (in target 'ios-stationsUITests' from project 'ios-stations')
    cd /Users/hayashiakitora/Develop/SwiftUIProjects/ios_stations
    builtin-swiftTaskExecution -- /Applications/Xcode.app/Contents/Developer/Toolchains/XcodeDefault.xctoolchain/usr/bin/swift-frontend -frontend -emit-module -experimental-skip-non-inlinable-function-bodies-without-types /Users/hayashiakitora/Develop/SwiftUIProjects/ios_stations/ios-stationsUITests/ios_stationsUITests.swift -target arm64-apple-ios14.5-simulator -Xllvm -aarch64-use-tbi -enable-objc-interop -sdk /Applications/Xcode.app/Contents/Developer/Platforms/iPhoneSimulator.platform/Developer/SDKs/iPhoneSimulator18.0.sdk -I /Users/hayashiakitora/Library/Developer/Xcode/DerivedData/ios-stations-dnoaqvuweeptizeawushiiccyufp/Build/Products/Debug-iphonesimulator -I /Applications/Xcode.app/Contents/Developer/Platforms/iPhoneSimulator.platform/Developer/usr/lib -F /Users/hayashiakitora/Library/Developer/Xcode/DerivedData/ios-stations-dnoaqvuweeptizeawushiiccyufp/Build/Products/Debug-iphonesimulator -F /Applications/Xcode.app/Contents/Developer/Platforms/iPhoneSimulator.platform/Developer/Library/Frameworks -F /Applications/Xcode.app/Contents/Developer/Platforms/iPhoneSimulator.platform/Developer/SDKs/iPhoneSimulator18.0.sdk/Developer/Library/Frameworks -no-color-diagnostics -enable-testing -g -debug-info-format\=dwarf -dwarf-version\=4 -module-cache-path /Users/hayashiakitora/Library/Developer/Xcode/DerivedData/ModuleCache.noindex -swift-version 5 -enforce-exclusivity\=checked -Onone -D DEBUG -serialize-debugging-options -const-gather-protocols-file /Users/hayashiakitora/Library/Developer/Xcode/DerivedData/ios-stations-dnoaqvuweeptizeawushiiccyufp/Build/Intermediates.noindex/ios-stations.build/Debug-iphonesimulator/ios-stationsUITests.build/Objects-normal/arm64/ios-stationsUITests_const_extract_protocols.json -enable-experimental-feature DebugDescriptionMacro -enable-experimental-feature OpaqueTypeErasure -module-alias Testing\=_Testing_Unavailable -enable-bare-slash-regex -empty-abi-descriptor -plugin-path /Applications/Xcode.app/Contents/Developer/Toolchains/XcodeDefault.xctoolchain/usr/lib/swift/host/plugins/testing -validate-clang-modules-once -clang-build-session-file /Users/hayashiakitora/Library/Developer/Xcode/DerivedData/ModuleCache.noindex/Session.modulevalidation -Xcc -working-directory -Xcc /Users/hayashiakitora/Develop/SwiftUIProjects/ios_stations -resource-dir /Applications/Xcode.app/Contents/Developer/Toolchains/XcodeDefault.xctoolchain/usr/lib/swift -enable-anonymous-context-mangled-names -file-compilation-dir /Users/hayashiakitora/Develop/SwiftUIProjects/ios_stations -Xcc -D_LIBCPP_HARDENING_MODE\=_LIBCPP_HARDENING_MODE_DEBUG -Xcc -ivfsstatcache -Xcc /Users/hayashiakitora/Library/Developer/Xcode/DerivedData/SDKStatCaches.noindex/iphonesimulator18.0-22A3362-db63dc9361471f152f572502bdbfe70a.sdkstatcache -Xcc -I/Users/hayashiakitora/Library/Developer/Xcode/DerivedData/ios-stations-dnoaqvuweeptizeawushiiccyufp/Build/Intermediates.noindex/ios-stations.build/Debug-iphonesimulator/ios-stationsUITests.build/swift-overrides.hmap -Xcc -iquote -Xcc /Users/hayashiakitora/Library/Developer/Xcode/DerivedData/ios-stations-dnoaqvuweeptizeawushiiccyufp/Build/Intermediates.noindex/ios-stations.build/Debug-iphonesimulator/ios-stationsUITests.build/ios-stationsUITests-generated-files.hmap -Xcc -I/Users/hayashiakitora/Library/Developer/Xcode/DerivedData/ios-stations-dnoaqvuweeptizeawushiiccyufp/Build/Intermediates.noindex/ios-stations.build/Debug-iphonesimulator/ios-stationsUITests.build/ios-stationsUITests-own-target-headers.hmap -Xcc -I/Users/hayashiakitora/Library/Developer/Xcode/DerivedData/ios-stations-dnoaqvuweeptizeawushiiccyufp/Build/Intermediates.noindex/ios-stations.build/Debug-iphonesimulator/ios-stationsUITests.build/ios-stationsUITests-all-target-headers.hmap -Xcc -iquote -Xcc /Users/hayashiakitora/Library/Developer/Xcode/DerivedData/ios-stations-dnoaqvuweeptizeawushiiccyufp/Build/Intermediates.noindex/ios-stations.build/Debug-iphonesimulator/ios-stationsUITests.build/ios-stationsUITests-project-headers.hmap -Xcc -I/Users/hayashiakitora/Library/Developer/Xcode/DerivedData/ios-stations-dnoaqvuweeptizeawushiiccyufp/Build/Products/Debug-iphonesimulator/include -Xcc -I/Users/hayashiakitora/Library/Developer/Xcode/DerivedData/ios-stations-dnoaqvuweeptizeawushiiccyufp/Build/Intermediates.noindex/ios-stations.build/Debug-iphonesimulator/ios-stationsUITests.build/DerivedSources-normal/arm64 -Xcc -I/Users/hayashiakitora/Library/Developer/Xcode/DerivedData/ios-stations-dnoaqvuweeptizeawushiiccyufp/Build/Intermediates.noindex/ios-stations.build/Debug-iphonesimulator/ios-stationsUITests.build/DerivedSources/arm64 -Xcc -I/Users/hayashiakitora/Library/Developer/Xcode/DerivedData/ios-stations-dnoaqvuweeptizeawushiiccyufp/Build/Intermediates.noindex/ios-stations.build/Debug-iphonesimulator/ios-stationsUITests.build/DerivedSources -Xcc -DDEBUG\=1 -module-name ios_stationsUITests -frontend-parseable-output -disable-clang-spi -target-sdk-version 18.0 -target-sdk-name iphonesimulator18.0 -external-plugin-path /Applications/Xcode.app/Contents/Developer/Platforms/iPhoneOS.platform/Developer/usr/lib/swift/host/plugins\#/Applications/Xcode.app/Contents/Developer/Platforms/iPhoneOS.platform/Developer/usr/bin/swift-plugin-server -external-plugin-path /Applications/Xcode.app/Contents/Developer/Platforms/iPhoneOS.platform/Developer/usr/local/lib/swift/host/plugins\#/Applications/Xcode.app/Contents/Developer/Platforms/iPhoneOS.platform/Developer/usr/bin/swift-plugin-server -plugin-path /Applications/Xcode.app/Contents/Developer/Toolchains/XcodeDefault.xctoolchain/usr/lib/swift/host/plugins -plugin-path /Applications/Xcode.app/Contents/Developer/Toolchains/XcodeDefault.xctoolchain/usr/local/lib/swift/host/plugins -emit-module-doc-path /Users/hayashiakitora/Library/Developer/Xcode/DerivedData/ios-stations-dnoaqvuweeptizeawushiiccyufp/Build/Intermediates.noindex/ios-stations.build/Debug-iphonesimulator/ios-stationsUITests.build/Objects-normal/arm64/ios_stationsUITests.swiftdoc -emit-module-source-info-path /Users/hayashiakitora/Library/Developer/Xcode/DerivedData/ios-stations-dnoaqvuweeptizeawushiiccyufp/Build/Intermediates.noindex/ios-stations.build/Debug-iphonesimulator/ios-stationsUITests.build/Objects-normal/arm64/ios_stationsUITests.swiftsourceinfo -emit-objc-header-path /Users/hayashiakitora/Library/Developer/Xcode/DerivedData/ios-stations-dnoaqvuweeptizeawushiiccyufp/Build/Intermediates.noindex/ios-stations.build/Debug-iphonesimulator/ios-stationsUITests.build/Objects-normal/arm64/ios_stationsUITests-Swift.h -serialize-diagnostics-path /Users/hayashiakitora/Library/Developer/Xcode/DerivedData/ios-stations-dnoaqvuweeptizeawushiiccyufp/Build/Intermediates.noindex/ios-stations.build/Debug-iphonesimulator/ios-stationsUITests.build/Objects-normal/arm64/ios-stationsUITests-master-emit-module.dia -emit-dependencies-path /Users/hayashiakitora/Library/Developer/Xcode/DerivedData/ios-stations-dnoaqvuweeptizeawushiiccyufp/Build/Intermediates.noindex/ios-stations.build/Debug-iphonesimulator/ios-stationsUITests.build/Objects-normal/arm64/ios-stationsUITests-master-emit-module.d -parse-as-library -o /Users/hayashiakitora/Library/Developer/Xcode/DerivedData/ios-stations-dnoaqvuweeptizeawushiiccyufp/Build/Intermediates.noindex/ios-stations.build/Debug-iphonesimulator/ios-stationsUITests.build/Objects-normal/arm64/ios_stationsUITests.swiftmodule -emit-abi-descriptor-path /Users/hayashiakitora/Library/Developer/Xcode/DerivedData/ios-stations-dnoaqvuweeptizeawushiiccyufp/Build/Intermediates.noindex/ios-stations.build/Debug-iphonesimulator/ios-stationsUITests.build/Objects-normal/arm64/ios_stationsUITests.abi.json
** BUILD INTERRUPTED **
